<?xml version="1.0" encoding="UTF-8"?>
<testng-results skipped="0" failed="0" ignored="0" total="1" passed="1">
  <reporter-output>
  </reporter-output>
  <suite name="Default suite" duration-ms="23003" started-at="2017-05-28T07:44:32Z" finished-at="2017-05-28T07:44:55Z">
    <groups>
    </groups>
    <test name="Default test" duration-ms="23003" started-at="2017-05-28T07:44:32Z" finished-at="2017-05-28T07:44:55Z">
      <class name="MavenProject.MavenTest.homepage.TC001_VerifyLoginWithInvalidCredentials">
        <test-method status="PASS" signature="setUp()[pri:0, instance:MavenProject.MavenTest.homepage.TC001_VerifyLoginWithInvalidCredentials@57fffcd7]" name="setUp" is-config="true" duration-ms="15803" started-at="2017-05-28T13:14:32Z" finished-at="2017-05-28T13:14:47Z">
          <reporter-output>
          </reporter-output>
        </test-method> <!-- setUp -->
        <test-method status="PASS" signature="VerifyLoginWithInvalidCredentials()[pri:0, instance:MavenProject.MavenTest.homepage.TC001_VerifyLoginWithInvalidCredentials@57fffcd7]" name="VerifyLoginWithInvalidCredentials" duration-ms="7105" started-at="2017-05-28T13:14:47Z" finished-at="2017-05-28T13:14:55Z">
          <reporter-output>
          </reporter-output>
        </test-method> <!-- VerifyLoginWithInvalidCredentials -->
        <test-method status="PASS" signature="endTest()[pri:0, instance:MavenProject.MavenTest.homepage.TC001_VerifyLoginWithInvalidCredentials@57fffcd7]" name="endTest" is-config="true" duration-ms="59" started-at="2017-05-28T13:14:55Z" finished-at="2017-05-28T13:14:55Z">
          <reporter-output>
          </reporter-output>
        </test-method> <!-- endTest -->
      </class> <!-- MavenProject.MavenTest.homepage.TC001_VerifyLoginWithInvalidCredentials -->
    </test> <!-- Default test -->
  </suite> <!-- Default suite -->
</testng-results>
